<?xml version="1.0" encoding="UTF-8" ?>
<testsuite failures="0" time="0.013" errors="0" skipped="0" tests="1" name="za.co.mathmuncher.exercise.ExcerciseEndpointIntegrationTests">
  <properties>
    <property name="java.runtime.name" value="Java(TM) SE Runtime Environment"/>
    <property name="sun.boot.library.path" value="C:\Program Files (x86)\Java\jdk1.6.0_21\jre\bin"/>
    <property name="java.vm.version" value="17.0-b17"/>
    <property name="java.vm.vendor" value="Sun Microsystems Inc."/>
    <property name="java.vendor.url" value="http://java.sun.com/"/>
    <property name="path.separator" value=";"/>
    <property name="java.vm.name" value="Java HotSpot(TM) Client VM"/>
    <property name="file.encoding.pkg" value="sun.io"/>
    <property name="user.country" value="US"/>
    <property name="sun.java.launcher" value="SUN_STANDARD"/>
    <property name="sun.os.patch.level" value="Service Pack 1"/>
    <property name="java.vm.specification.name" value="Java Virtual Machine Specification"/>
    <property name="user.dir" value="C:\Development\Math_Tech_Spike\backend\web-ws"/>
    <property name="java.runtime.version" value="1.6.0_21-b07"/>
    <property name="java.awt.graphicsenv" value="sun.awt.Win32GraphicsEnvironment"/>
    <property name="basedir" value="C:\Development\Math_Tech_Spike\backend\web-ws"/>
    <property name="java.endorsed.dirs" value="C:\Program Files (x86)\Java\jdk1.6.0_21\jre\lib\endorsed"/>
    <property name="os.arch" value="x86"/>
    <property name="surefire.real.class.path" value="C:\Users\ANTHON~1\AppData\Local\Temp\surefirebooter4908465807284483662.jar"/>
    <property name="java.io.tmpdir" value="C:\Users\ANTHON~1\AppData\Local\Temp\"/>
    <property name="line.separator" value="
"/>
    <property name="java.vm.specification.vendor" value="Sun Microsystems Inc."/>
    <property name="user.variant" value=""/>
    <property name="os.name" value="Windows 7"/>
    <property name="sun.jnu.encoding" value="Cp1252"/>
    <property name="java.library.path" value="C:\Program Files (x86)\Java\jdk1.6.0_21\jre\bin;.;C:\Windows\Sun\Java\bin;C:\Windows\system32;C:\Windows;C:\Program Files\Common Files\Microsoft Shared\Windows Live;C:\Program Files (x86)\Common Files\Microsoft Shared\Windows Live;C:\Program Files (x86)\NVIDIA Corporation\PhysX\Common;C:\Windows\system32;C:\Windows;C:\Windows\System32\Wbem;C:\Windows\System32\WindowsPowerShell\v1.0\;C:\Program Files\Intel\WiFi\bin\;C:\Program Files\Common Files\Intel\WirelessCommon\;c:\Program Files (x86)\Microsoft SQL Server\100\Tools\Binn\;c:\Program Files\Microsoft SQL Server\100\Tools\Binn\;c:\Program Files\Microsoft SQL Server\100\DTS\Binn\;C:\Program Files (x86)\QuickTime\QTSystem\;C:\Program Files (x86)\Windows Live\Shared;C:\Program Files\TortoiseGit\bin;C:\Program Files (x86)\Microsoft Team Foundation Server 2010 Power Tools\;C:\Program Files (x86)\Microsoft Team Foundation Server 2010 Power Tools\Best Practices Analyzer\;C:\Development\apache-maven-2.2.1\bin;C:\Program Files (x86)\Java\jdk1.6.0_21\bin;C:\Program Files\Intel\WiFi\bin\;C:\Program Files\Common Files\Intel\WirelessCommon\"/>
    <property name="surefire.test.class.path" value="C:\Development\Math_Tech_Spike\backend\web-ws\target\test-classes;C:\Development\Math_Tech_Spike\backend\web-ws\target\classes;C:\Development\java\repository\org\springframework\ws\spring-ws-core\2.0.2.RELEASE\spring-ws-core-2.0.2.RELEASE.jar;C:\Development\java\repository\org\springframework\ws\spring-xml\2.0.2.RELEASE\spring-xml-2.0.2.RELEASE.jar;C:\Development\java\repository\org\springframework\spring-context\3.0.5.RELEASE\spring-context-3.0.5.RELEASE.jar;C:\Development\java\repository\org\springframework\spring-aop\3.0.5.RELEASE\spring-aop-3.0.5.RELEASE.jar;C:\Development\java\repository\aopalliance\aopalliance\1.0\aopalliance-1.0.jar;C:\Development\java\repository\org\springframework\spring-asm\3.0.5.RELEASE\spring-asm-3.0.5.RELEASE.jar;C:\Development\java\repository\org\springframework\spring-beans\3.0.5.RELEASE\spring-beans-3.0.5.RELEASE.jar;C:\Development\java\repository\org\springframework\spring-core\3.0.5.RELEASE\spring-core-3.0.5.RELEASE.jar;C:\Development\java\repository\commons-logging\commons-logging\1.1.1\commons-logging-1.1.1.jar;C:\Development\java\repository\org\springframework\spring-expression\3.0.5.RELEASE\spring-expression-3.0.5.RELEASE.jar;C:\Development\java\repository\org\springframework\spring-oxm\3.0.5.RELEASE\spring-oxm-3.0.5.RELEASE.jar;C:\Development\java\repository\org\springframework\spring-web\3.0.5.RELEASE\spring-web-3.0.5.RELEASE.jar;C:\Development\java\repository\org\springframework\spring-webmvc\3.0.5.RELEASE\spring-webmvc-3.0.5.RELEASE.jar;C:\Development\java\repository\org\springframework\spring-context-support\3.0.5.RELEASE\spring-context-support-3.0.5.RELEASE.jar;C:\Development\java\repository\wsdl4j\wsdl4j\1.6.1\wsdl4j-1.6.1.jar;C:\Development\java\repository\org\springframework\ws\spring-ws-test\2.0.2.RELEASE\spring-ws-test-2.0.2.RELEASE.jar;C:\Development\java\repository\xmlunit\xmlunit\1.1\xmlunit-1.1.jar;C:\Development\java\repository\org\springframework\spring-test\3.0.5.RELEASE\spring-test-3.0.5.RELEASE.jar;C:\Development\java\repository\org\springframework\spring-tx\3.0.5.RELEASE\spring-tx-3.0.5.RELEASE.jar;C:\Development\java\repository\org\slf4j\slf4j-log4j12\1.6.1\slf4j-log4j12-1.6.1.jar;C:\Development\java\repository\org\slf4j\slf4j-api\1.6.1\slf4j-api-1.6.1.jar;C:\Development\java\repository\log4j\log4j\1.2.16\log4j-1.2.16.jar;C:\Development\java\repository\com\sun\xml\messaging\saaj\saaj-impl\1.3\saaj-impl-1.3.jar;C:\Development\java\repository\javax\xml\soap\saaj-api\1.3\saaj-api-1.3.jar;C:\Development\java\repository\javax\activation\activation\1.1\activation-1.1.jar;C:\Development\java\repository\javax\xml\bind\jaxb-api\2.1\jaxb-api-2.1.jar;C:\Development\java\repository\javax\xml\stream\stax-api\1.0-2\stax-api-1.0-2.jar;C:\Development\java\repository\com\sun\xml\bind\jaxb-impl\2.1.3\jaxb-impl-2.1.3.jar;C:\Development\java\repository\junit\junit\4.8.1\junit-4.8.1.jar;C:\Development\java\repository\commons-lang\commons-lang\2.4\commons-lang-2.4.jar;C:\Development\java\repository\org\mockito\mockito-all\1.8.5\mockito-all-1.8.5.jar;"/>
    <property name="java.specification.name" value="Java Platform API Specification"/>
    <property name="java.class.version" value="50.0"/>
    <property name="sun.management.compiler" value="HotSpot Client Compiler"/>
    <property name="os.version" value="6.1"/>
    <property name="user.home" value="C:\Users\anthonied"/>
    <property name="user.timezone" value=""/>
    <property name="java.awt.printerjob" value="sun.awt.windows.WPrinterJob"/>
    <property name="java.specification.version" value="1.6"/>
    <property name="file.encoding" value="Cp1252"/>
    <property name="user.name" value="anthonied"/>
    <property name="java.class.path" value="C:\Development\Math_Tech_Spike\backend\web-ws\target\test-classes;C:\Development\Math_Tech_Spike\backend\web-ws\target\classes;C:\Development\java\repository\org\springframework\ws\spring-ws-core\2.0.2.RELEASE\spring-ws-core-2.0.2.RELEASE.jar;C:\Development\java\repository\org\springframework\ws\spring-xml\2.0.2.RELEASE\spring-xml-2.0.2.RELEASE.jar;C:\Development\java\repository\org\springframework\spring-context\3.0.5.RELEASE\spring-context-3.0.5.RELEASE.jar;C:\Development\java\repository\org\springframework\spring-aop\3.0.5.RELEASE\spring-aop-3.0.5.RELEASE.jar;C:\Development\java\repository\aopalliance\aopalliance\1.0\aopalliance-1.0.jar;C:\Development\java\repository\org\springframework\spring-asm\3.0.5.RELEASE\spring-asm-3.0.5.RELEASE.jar;C:\Development\java\repository\org\springframework\spring-beans\3.0.5.RELEASE\spring-beans-3.0.5.RELEASE.jar;C:\Development\java\repository\org\springframework\spring-core\3.0.5.RELEASE\spring-core-3.0.5.RELEASE.jar;C:\Development\java\repository\commons-logging\commons-logging\1.1.1\commons-logging-1.1.1.jar;C:\Development\java\repository\org\springframework\spring-expression\3.0.5.RELEASE\spring-expression-3.0.5.RELEASE.jar;C:\Development\java\repository\org\springframework\spring-oxm\3.0.5.RELEASE\spring-oxm-3.0.5.RELEASE.jar;C:\Development\java\repository\org\springframework\spring-web\3.0.5.RELEASE\spring-web-3.0.5.RELEASE.jar;C:\Development\java\repository\org\springframework\spring-webmvc\3.0.5.RELEASE\spring-webmvc-3.0.5.RELEASE.jar;C:\Development\java\repository\org\springframework\spring-context-support\3.0.5.RELEASE\spring-context-support-3.0.5.RELEASE.jar;C:\Development\java\repository\wsdl4j\wsdl4j\1.6.1\wsdl4j-1.6.1.jar;C:\Development\java\repository\org\springframework\ws\spring-ws-test\2.0.2.RELEASE\spring-ws-test-2.0.2.RELEASE.jar;C:\Development\java\repository\xmlunit\xmlunit\1.1\xmlunit-1.1.jar;C:\Development\java\repository\org\springframework\spring-test\3.0.5.RELEASE\spring-test-3.0.5.RELEASE.jar;C:\Development\java\repository\org\springframework\spring-tx\3.0.5.RELEASE\spring-tx-3.0.5.RELEASE.jar;C:\Development\java\repository\org\slf4j\slf4j-log4j12\1.6.1\slf4j-log4j12-1.6.1.jar;C:\Development\java\repository\org\slf4j\slf4j-api\1.6.1\slf4j-api-1.6.1.jar;C:\Development\java\repository\log4j\log4j\1.2.16\log4j-1.2.16.jar;C:\Development\java\repository\com\sun\xml\messaging\saaj\saaj-impl\1.3\saaj-impl-1.3.jar;C:\Development\java\repository\javax\xml\soap\saaj-api\1.3\saaj-api-1.3.jar;C:\Development\java\repository\javax\activation\activation\1.1\activation-1.1.jar;C:\Development\java\repository\javax\xml\bind\jaxb-api\2.1\jaxb-api-2.1.jar;C:\Development\java\repository\javax\xml\stream\stax-api\1.0-2\stax-api-1.0-2.jar;C:\Development\java\repository\com\sun\xml\bind\jaxb-impl\2.1.3\jaxb-impl-2.1.3.jar;C:\Development\java\repository\junit\junit\4.8.1\junit-4.8.1.jar;C:\Development\java\repository\commons-lang\commons-lang\2.4\commons-lang-2.4.jar;C:\Development\java\repository\org\mockito\mockito-all\1.8.5\mockito-all-1.8.5.jar;"/>
    <property name="java.vm.specification.version" value="1.0"/>
    <property name="sun.arch.data.model" value="32"/>
    <property name="java.home" value="C:\Program Files (x86)\Java\jdk1.6.0_21\jre"/>
    <property name="java.specification.vendor" value="Sun Microsystems Inc."/>
    <property name="user.language" value="en"/>
    <property name="awt.toolkit" value="sun.awt.windows.WToolkit"/>
    <property name="java.vm.info" value="mixed mode, sharing"/>
    <property name="java.version" value="1.6.0_21"/>
    <property name="java.ext.dirs" value="C:\Program Files (x86)\Java\jdk1.6.0_21\jre\lib\ext;C:\Windows\Sun\Java\lib\ext"/>
    <property name="sun.boot.class.path" value="C:\Program Files (x86)\Java\jdk1.6.0_21\jre\lib\resources.jar;C:\Program Files (x86)\Java\jdk1.6.0_21\jre\lib\rt.jar;C:\Program Files (x86)\Java\jdk1.6.0_21\jre\lib\sunrsasign.jar;C:\Program Files (x86)\Java\jdk1.6.0_21\jre\lib\jsse.jar;C:\Program Files (x86)\Java\jdk1.6.0_21\jre\lib\jce.jar;C:\Program Files (x86)\Java\jdk1.6.0_21\jre\lib\charsets.jar;C:\Program Files (x86)\Java\jdk1.6.0_21\jre\classes"/>
    <property name="java.vendor" value="Sun Microsystems Inc."/>
    <property name="localRepository" value="C:\Development\java\repository"/>
    <property name="file.separator" value="\"/>
    <property name="java.vendor.url.bug" value="http://java.sun.com/cgi-bin/bugreport.cgi"/>
    <property name="sun.cpu.endian" value="little"/>
    <property name="sun.io.unicode.encoding" value="UnicodeLittle"/>
    <property name="sun.desktop" value="windows"/>
    <property name="sun.cpu.isalist" value="pentium_pro+mmx pentium_pro pentium+mmx pentium i486 i386 i86"/>
  </properties>
  <testcase time="0.004" classname="za.co.mathmuncher.exercise.ExcerciseEndpointIntegrationTests" name="testSomething"/>
</testsuite>